<?xml version="1.0" encoding="UTF-8"?>
<!-- Generated by org.testng.reporters.JUnitReportReporter -->
<testsuite hostname="PWLAP2781" failures="0" tests="3" name="Test_cases.TS_007" time="3.921" errors="0" timestamp="15 May 2024 11:05:55 GMT">
  <testcase classname="Test_cases.TS_007" name="verify_Widraw_After" time="1.225"/>
  <testcase classname="Test_cases.TS_007" name="verify_Pay_For" time="2.097"/>
  <testcase classname="Test_cases.TS_007" name="verify_Mode_of_premium" time="0.599"/>
</testsuite>
