<?xml version="1.0" encoding="UTF-8"?>
<!-- Generated by org.testng.reporters.JUnitReportReporter -->
<testsuite hostname="PWLAP2781" failures="0" tests="7" name="Test_cases_Sampoorn_Nivesh.TS_004" time="4.100" errors="0" timestamp="12 Mar 2024 10:12:40 GMT">
  <testcase classname="Test_cases_Sampoorn_Nivesh.TS_004" name="TC_020RS_isEnabled_or_not" time="0.245"/>
  <testcase classname="Test_cases_Sampoorn_Nivesh.TS_004" name="TC_019Name_isEnabled_or_not" time="0.267"/>
  <testcase classname="Test_cases_Sampoorn_Nivesh.TS_004" name="TC_018WA_isEnabled_or_not" time="0.235"/>
  <testcase classname="Test_cases_Sampoorn_Nivesh.TS_004" name="TC_015Mail_id_isEnabled_or_not" time="0.287"/>
  <testcase classname="Test_cases_Sampoorn_Nivesh.TS_004" name="TC_016IA_isEnabled_or_not" time="2.232"/>
  <testcase classname="Test_cases_Sampoorn_Nivesh.TS_004" name="TC_017Pay_for_isEnabled_or_not" time="0.220"/>
  <testcase classname="Test_cases_Sampoorn_Nivesh.TS_004" name="TC_014Mo_no_isEnabled_or_not" time="0.614"/>
</testsuite>
