<?xml version="1.0" encoding="UTF-8"?>
<!-- Generated by org.testng.reporters.JUnitReportReporter -->
<testsuite hostname="PWLAP2781" failures="0" tests="1" name="Test_Cases_journy.TS_06_E_Insurance_Account" time="4.092" errors="0" timestamp="15 May 2024 07:26:55 GMT">
  <testcase classname="Test_Cases_journy.TS_06_E_Insurance_Account" name="verify_E_Insurance_Account_Details" time="4.092"/>
</testsuite>
