<?xml version="1.0" encoding="UTF-8"?>
<!-- Generated by org.testng.reporters.JUnitReportReporter -->
<testsuite hostname="PWLAP2781" failures="0" tests="5" name="Test_cases.TS_002" time="50.716" errors="0" timestamp="15 May 2024 11:05:55 GMT">
  <testcase classname="Test_cases.TS_002" name="TC_002Certificate" time="6.512"/>
  <testcase classname="Test_cases.TS_002" name="TC_006_PBlogo" time="0.148"/>
  <testcase classname="Test_cases.TS_002" name="TC_003Brochure" time="21.235"/>
  <testcase classname="Test_cases.TS_002" name="TC_004BI" time="22.412"/>
  <testcase classname="Test_cases.TS_002" name="TC_005Talk_to_anExpert" time="0.409"/>
</testsuite>
