<?xml version="1.0" encoding="UTF-8"?>
<!-- Generated by org.testng.reporters.JUnitReportReporter -->
<testsuite hostname="PWLAP2781" failures="0" tests="1" name="Test_Cases_journy.TS_02_Family_Details" time="4.490" errors="0" timestamp="15 May 2024 07:26:55 GMT">
  <testcase classname="Test_Cases_journy.TS_02_Family_Details" name="Verify_family_details" time="4.490"/>
</testsuite>
