<?xml version="1.0" encoding="UTF-8"?>
<!-- Generated by org.testng.reporters.JUnitReportReporter -->
<testsuite hostname="PWLAP2781" failures="0" tests="1" name="Test_cases.TS_005" time="10.429" errors="0" timestamp="14 Feb 2024 09:50:56 GMT">
  <testcase classname="Test_cases.TS_005" name="TC_021_verify_KYP_section" time="10.429"/>
</testsuite>
