<?xml version="1.0" encoding="UTF-8"?>
<!-- Generated by org.testng.reporters.JUnitReportReporter -->
<testsuite hostname="PWLAP2781" failures="0" tests="1" name="Test_cases_CG.TS_005" time="15.024" errors="0" timestamp="12 Mar 2024 10:02:00 GMT">
  <testcase classname="Test_cases_CG.TS_005" name="TC_021_verify_KYP_section" time="15.024"/>
</testsuite>
