<?xml version="1.0" encoding="UTF-8"?>
<!-- Generated by org.testng.reporters.JUnitReportReporter -->
<testsuite hostname="PWLAP2781" failures="0" tests="7" name="Test_cases.TS_004" time="0.865" errors="0" timestamp="15 May 2024 11:05:55 GMT">
  <testcase classname="Test_cases.TS_004" name="TC_019Name_isEnabled_or_not" time="0.080"/>
  <testcase classname="Test_cases.TS_004" name="TC_016IA_isEnabled_or_not" time="0.285"/>
  <testcase classname="Test_cases.TS_004" name="TC_020RS_isEnabled_or_not" time="0.071"/>
  <testcase classname="Test_cases.TS_004" name="TC_017Pay_for_isEnabled_or_not" time="0.078"/>
  <testcase classname="Test_cases.TS_004" name="TC_015Mail_id_isEnabled_or_not" time="0.094"/>
  <testcase classname="Test_cases.TS_004" name="TC_018WA_isEnabled_or_not" time="0.080"/>
  <testcase classname="Test_cases.TS_004" name="TC_014Mo_no_isEnabled_or_not" time="0.177"/>
</testsuite>
