<?xml version="1.0" encoding="UTF-8"?>
<!-- Generated by org.testng.reporters.JUnitReportReporter -->
<testsuite hostname="PWLAP2781" failures="0" tests="1" name="Test_Cases_journy.TS_07_Bank_Details" time="5.977" errors="0" timestamp="15 May 2024 07:26:55 GMT">
  <testcase classname="Test_Cases_journy.TS_07_Bank_Details" name="Verify_bank_Details" time="5.977"/>
</testsuite>
