<?xml version="1.0" encoding="UTF-8"?>
<!-- Generated by org.testng.reporters.JUnitReportReporter -->
<testsuite hostname="PWLAP2781" failures="0" tests="3" name="Test_cases_CG.TS_007" time="4.552" errors="0" timestamp="12 Mar 2024 10:02:00 GMT">
  <testcase classname="Test_cases_CG.TS_007" name="verify_Mode_of_premium" time="2.020"/>
  <testcase classname="Test_cases_CG.TS_007" name="verify_Widraw_After" time="0.016"/>
  <testcase classname="Test_cases_CG.TS_007" name="verify_Pay_For" time="2.516"/>
</testsuite>
