<?xml version="1.0" encoding="UTF-8"?>
<!-- Generated by org.testng.reporters.JUnitReportReporter -->
<testsuite hostname="PWLAP2781" failures="0" tests="1" name="Test_cases.TS_009_Payment" time="73.898" errors="0" timestamp="15 May 2024 07:26:55 GMT">
  <testcase classname="Test_cases.TS_009_Payment" name="payment_page" time="73.898"/>
</testsuite>
