<?xml version="1.0" encoding="UTF-8"?>
<!-- Generated by org.testng.reporters.JUnitReportReporter -->
<testsuite hostname="PWLAP2781" failures="0" tests="1" name="Test_cases.TS_001" time="21.425" errors="0" timestamp="14 Feb 2024 09:50:56 GMT">
  <testcase classname="Test_cases.TS_001" name="Nevigaion_to_product_page" time="21.425"/>
</testsuite>
