<?xml version="1.0" encoding="UTF-8"?>
<!-- Generated by org.testng.reporters.JUnitReportReporter -->
<testsuite hostname="PWLAP2781" failures="0" tests="4" name="Test_cases.TC_01" time="71.248" errors="0" timestamp="8 Feb 2024 09:30:51 GMT">
  <testcase classname="Test_cases.TC_01" name="Brochure" time="20.067"/>
  <testcase classname="Test_cases.TC_01" name="Talk_to_anExpert" time="0.651"/>
  <testcase classname="Test_cases.TC_01" name="test1" time="50.489"/>
  <testcase classname="Test_cases.TC_01" name="BI" time="0.041"/>
</testsuite>
