<?xml version="1.0" encoding="UTF-8"?>
<!-- Generated by org.testng.reporters.JUnitReportReporter -->
<testsuite hostname="PWLAP2781" failures="0" tests="1" name="Test_cases.TS_006" time="102.936" errors="0" timestamp="15 May 2024 07:26:55 GMT">
  <testcase classname="Test_cases.TS_006" name="verify_user_nevigate_on_review_page" time="102.936"/>
</testsuite>
