<?xml version="1.0" encoding="UTF-8"?>
<!-- Generated by org.testng.reporters.JUnitReportReporter -->
<testsuite hostname="PWLAP2781" failures="0" tests="5" name="Test_cases.TC_01_upper_label_controles" time="27.403" errors="0" timestamp="9 Feb 2024 11:18:22 GMT">
  <testcase classname="Test_cases.TC_01_upper_label_controles" name="BI" time="2.066"/>
  <testcase classname="Test_cases.TC_01_upper_label_controles" name="Talk_to_anExpert" time="0.145"/>
  <testcase classname="Test_cases.TC_01_upper_label_controles" name="Nevigaion_to_product_page" time="21.981"/>
  <testcase classname="Test_cases.TC_01_upper_label_controles" name="Brochure" time="1.081"/>
  <testcase classname="Test_cases.TC_01_upper_label_controles" name="Certificate" time="2.130"/>
</testsuite>
