<?xml version="1.0" encoding="UTF-8"?>
<!-- Generated by org.testng.reporters.JUnitReportReporter -->
<testsuite hostname="PWLAP2781" failures="0" tests="3" name="Test_cases_Sampoorn_Nivesh.TS_001" time="154.404" errors="0" timestamp="12 Mar 2024 10:12:40 GMT">
  <testcase classname="Test_cases_Sampoorn_Nivesh.TS_001" name="Nevigaion_to_product_page" time="46.172"/>
  <testcase classname="Test_cases_Sampoorn_Nivesh.TS_001" name="Nevigaion_to_product_page" time="56.175"/>
  <testcase classname="Test_cases_Sampoorn_Nivesh.TS_001" name="Nevigaion_to_product_page" time="52.057"/>
</testsuite>
