<?xml version="1.0" encoding="UTF-8"?>
<!-- Generated by org.testng.reporters.JUnitReportReporter -->
<testsuite hostname="PWLAP2781" failures="0" tests="1" name="Test_cases.TS_005" time="2.926" errors="0" timestamp="15 May 2024 11:05:55 GMT">
  <testcase classname="Test_cases.TS_005" name="TC_021_verify_KYP_section" time="2.926"/>
</testsuite>
