<?xml version="1.0" encoding="UTF-8"?>
<!-- Generated by org.testng.reporters.JUnitReportReporter -->
<testsuite hostname="PWLAP2781" failures="0" tests="7" name="Test_cases_CG.TS_004" time="23.043" errors="0" timestamp="12 Mar 2024 10:02:00 GMT">
  <testcase classname="Test_cases_CG.TS_004" name="TC_020RS_isEnabled_or_not" time="0.317"/>
  <testcase classname="Test_cases_CG.TS_004" name="TC_019Name_isEnabled_or_not" time="0.283"/>
  <testcase classname="Test_cases_CG.TS_004" name="TC_015Mail_id_isEnabled_or_not" time="18.199"/>
  <testcase classname="Test_cases_CG.TS_004" name="TC_014Mo_no_isEnabled_or_not" time="1.410"/>
  <testcase classname="Test_cases_CG.TS_004" name="TC_016IA_isEnabled_or_not" time="2.302"/>
  <testcase classname="Test_cases_CG.TS_004" name="TC_018WA_isEnabled_or_not" time="0.258"/>
  <testcase classname="Test_cases_CG.TS_004" name="TC_017Pay_for_isEnabled_or_not" time="0.274"/>
</testsuite>
