<?xml version="1.0" encoding="UTF-8"?>
<!-- Generated by org.testng.reporters.JUnitReportReporter -->
<testsuite hostname="PWLAP2781" failures="0" tests="1" name="Test_cases_Sampoorn_Nivesh.TS_005" time="14.169" errors="0" timestamp="12 Mar 2024 10:12:41 GMT">
  <testcase classname="Test_cases_Sampoorn_Nivesh.TS_005" name="TC_021_verify_KYP_section" time="14.169"/>
</testsuite>
