<?xml version="1.0" encoding="UTF-8"?>
<!-- Generated by org.testng.reporters.JUnitReportReporter -->
<testsuite hostname="PWLAP2781" failures="0" tests="3" name="Test_cases_CG.TS_001" time="145.711" errors="0" timestamp="12 Mar 2024 10:02:00 GMT">
  <testcase classname="Test_cases_CG.TS_001" name="Nevigaion_to_product_page" time="54.484"/>
  <testcase classname="Test_cases_CG.TS_001" name="Nevigaion_to_product_page" time="47.050"/>
  <testcase classname="Test_cases_CG.TS_001" name="Nevigaion_to_product_page" time="44.177"/>
</testsuite>
